# JRE version: OpenJDK Runtime Environment (11.0.12+7) (build 11.0.12+7-b1504.28-7817840)
# Java VM: OpenJDK 64-Bit Server VM (11.0.12+7-b1504.28-7817840, mixed mode, tiered, compressed oops, g1 gc, windows-amd64)
Heap:
 garbage-first heap   total 227328K, used 144580K [0x0000000080000000, 0x0000000100000000)
  region size 1024K, 19 young (19456K), 6 survivors (6144K)
 Metaspace       used 108894K, capacity 111876K, committed 112204K, reserved 1146880K
  class space    used 13786K, capacity 14837K, committed 14924K, reserved 1048576K
GC Heap History (20 events):
Event: 4813.572 GC heap before
{Heap before GC invocations=28 (full 0):
 garbage-first heap   total 227328K, used 182948K [0x0000000080000000, 0x0000000100000000)
  region size 1024K, 71 young (72704K), 7 survivors (7168K)
 Metaspace       used 95114K, capacity 97700K, committed 97996K, reserved 1134592K
  class space    used 12182K, capacity 13173K, committed 13260K, reserved 1048576K
}
Event: 4813.650 GC heap after
{Heap after GC invocations=29 (full 0):
 garbage-first heap   total 227328K, used 117856K [0x0000000080000000, 0x0000000100000000)
  region size 1024K, 4 young (4096K), 4 survivors (4096K)
 Metaspace       used 95114K, capacity 97700K, committed 97996K, reserved 1134592K
  class space    used 12182K, capacity 13173K, committed 13260K, reserved 1048576K
}
Event: 5747.774 GC heap before
{Heap before GC invocations=30 (full 0):
 garbage-first heap   total 227328K, used 184416K [0x0000000080000000, 0x0000000100000000)
  region size 1024K, 70 young (71680K), 4 survivors (4096K)
 Metaspace       used 96849K, capacity 99329K, committed 99788K, reserved 1136640K
  class space    used 12442K, capacity 13367K, committed 13516K, reserved 1048576K
}
Event: 5747.897 GC heap after
{Heap after GC invocations=31 (full 0):
 garbage-first heap   total 227328K, used 120811K [0x0000000080000000, 0x0000000100000000)
  region size 1024K, 7 young (7168K), 7 survivors (7168K)
 Metaspace       used 96849K, capacity 99329K, committed 99788K, reserved 1136640K
  class space    used 12442K, capacity 13367K, committed 13516K, reserved 1048576K
}
Event: 5748.077 GC heap before
{Heap before GC invocations=31 (full 0):
 garbage-first heap   total 227328K, used 124907K [0x0000000080000000, 0x0000000100000000)
  region size 1024K, 11 young (11264K), 7 survivors (7168K)
 Metaspace       used 97462K, capacity 99969K, committed 100428K, reserved 1136640K
  class space    used 12550K, capacity 13495K, committed 13644K, reserved 1048576K
}
Event: 5748.125 GC heap after
{Heap after GC invocations=32 (full 0):
 garbage-first heap   total 227328K, used 120861K [0x0000000080000000, 0x0000000100000000)
  region size 1024K, 2 young (2048K), 2 survivors (2048K)
 Metaspace       used 97462K, capacity 99969K, committed 100428K, reserved 1136640K
  class space    used 12550K, capacity 13495K, committed 13644K, reserved 1048576K
}
Event: 5753.314 GC heap before
{Heap before GC invocations=32 (full 0):
 garbage-first heap   total 227328K, used 186397K [0x0000000080000000, 0x0000000100000000)
  region size 1024K, 66 young (67584K), 2 survivors (2048K)
 Metaspace       used 100747K, capacity 103625K, committed 103884K, reserved 1138688K
  class space    used 12881K, capacity 13917K, committed 14028K, reserved 1048576K
}
Event: 5753.344 GC heap after
{Heap after GC invocations=33 (full 0):
 garbage-first heap   total 227328K, used 125523K [0x0000000080000000, 0x0000000100000000)
  region size 1024K, 6 young (6144K), 6 survivors (6144K)
 Metaspace       used 100747K, capacity 103625K, committed 103884K, reserved 1138688K
  class space    used 12881K, capacity 13917K, committed 14028K, reserved 1048576K
}
Event: 5767.570 GC heap before
{Heap before GC invocations=34 (full 0):
 garbage-first heap   total 227328K, used 187987K [0x0000000080000000, 0x0000000100000000)
  region size 1024K, 67 young (68608K), 6 survivors (6144K)
 Metaspace       used 107096K, capacity 109887K, committed 110284K, reserved 1144832K
  class space    used 13643K, capacity 14649K, committed 14796K, reserved 1048576K
}
Event: 5767.638 GC heap after
{Heap after GC invocations=35 (full 0):
 garbage-first heap   total 227328K, used 131006K [0x0000000080000000, 0x0000000100000000)
  region size 1024K, 6 young (6144K), 6 survivors (6144K)
 Metaspace       used 107096K, capacity 109887K, committed 110284K, reserved 1144832K
  class space    used 13643K, capacity 14649K, committed 14796K, reserved 1048576K
}
Event: 5769.195 GC heap before
{Heap before GC invocations=35 (full 0):
 garbage-first heap   total 227328K, used 136126K [0x0000000080000000, 0x0000000100000000)
  region size 1024K, 11 young (11264K), 6 survivors (6144K)
 Metaspace       used 107146K, capacity 109890K, committed 110284K, reserved 1144832K
  class space    used 13646K, capacity 14650K, committed 14796K, reserved 1048576K
}
Event: 5769.320 GC heap after
{Heap after GC invocations=36 (full 0):
 garbage-first heap   total 227328K, used 122590K [0x0000000080000000, 0x0000000100000000)
  region size 1024K, 2 young (2048K), 2 survivors (2048K)
 Metaspace       used 107146K, capacity 109890K, committed 110284K, reserved 1144832K
  class space    used 13646K, capacity 14650K, committed 14796K, reserved 1048576K
}
Event: 5782.512 GC heap before
{Heap before GC invocations=36 (full 0):
 garbage-first heap   total 227328K, used 184030K [0x0000000080000000, 0x0000000100000000)
  region size 1024K, 63 young (64512K), 2 survivors (2048K)
 Metaspace       used 107789K, capacity 110610K, committed 110796K, reserved 1144832K
  class space    used 13727K, capacity 14738K, committed 14796K, reserved 1048576K
}
Event: 5782.534 GC heap after
{Heap after GC invocations=37 (full 0):
 garbage-first heap   total 227328K, used 125763K [0x0000000080000000, 0x0000000100000000)
  region size 1024K, 5 young (5120K), 5 survivors (5120K)
 Metaspace       used 107789K, capacity 110610K, committed 110796K, reserved 1144832K
  class space    used 13727K, capacity 14738K, committed 14796K, reserved 1048576K
}
Event: 7515.377 GC heap before
{Heap before GC invocations=38 (full 0):
 garbage-first heap   total 227328K, used 187203K [0x0000000080000000, 0x0000000100000000)
  region size 1024K, 65 young (66560K), 5 survivors (5120K)
 Metaspace       used 108348K, capacity 111294K, committed 111308K, reserved 1146880K
  class space    used 13767K, capacity 14782K, committed 14796K, reserved 1048576K
}
Event: 7515.662 GC heap after
{Heap after GC invocations=39 (full 0):
 garbage-first heap   total 227328K, used 127993K [0x0000000080000000, 0x0000000100000000)
  region size 1024K, 7 young (7168K), 7 survivors (7168K)
 Metaspace       used 108348K, capacity 111294K, committed 111308K, reserved 1146880K
  class space    used 13767K, capacity 14782K, committed 14796K, reserved 1048576K
}
Event: 7516.033 GC heap before
{Heap before GC invocations=39 (full 0):
 garbage-first heap   total 227328K, used 131065K [0x0000000080000000, 0x0000000100000000)
  region size 1024K, 11 young (11264K), 7 survivors (7168K)
 Metaspace       used 108351K, capacity 111294K, committed 111308K, reserved 1146880K
  class space    used 13767K, capacity 14782K, committed 14796K, reserved 1048576K
}
Event: 7516.164 GC heap after
{Heap after GC invocations=40 (full 0):
 garbage-first heap   total 227328K, used 127172K [0x0000000080000000, 0x0000000100000000)
  region size 1024K, 1 young (1024K), 1 survivors (1024K)
 Metaspace       used 108351K, capacity 111294K, committed 111308K, reserved 1146880K
  class space    used 13767K, capacity 14782K, committed 14796K, reserved 1048576K
}
Event: 7529.560 GC heap before
{Heap before GC invocations=40 (full 0):
 garbage-first heap   total 227328K, used 188612K [0x0000000080000000, 0x0000000100000000)
  region size 1024K, 61 young (62464K), 1 survivors (1024K)
 Metaspace       used 108912K, capacity 111995K, committed 112204K, reserved 1146880K
  class space    used 13809K, capacity 14894K, committed 14924K, reserved 1048576K
}
Event: 7529.620 GC heap after
{Heap after GC invocations=41 (full 0):
 garbage-first heap   total 227328K, used 132292K [0x0000000080000000, 0x0000000100000000)
  region size 1024K, 6 young (6144K), 6 survivors (6144K)
 Metaspace       used 108912K, capacity 111995K, committed 112204K, reserved 1146880K
  class space    used 13809K, capacity 14894K, committed 14924K, reserved 1048576K
}

